<?xml version="1.0" encoding="UTF-8"?>
<!-- Generated by org.testng.reporters.JUnitXMLReporter -->
<testsuite hostname="codeLover.local" ignored="0" name="Test" tests="1" failures="1" timestamp="16 Jan 2020 01:58:27 GMT" time="12.738" errors="0">
  <testcase name="feature" time="12.48" classname="shoeSearchTestRunner.TestRunner">
    <failure type="cucumber.runtime.CucumberException" message="java.lang.ClassCastException: com.sun.proxy.$Proxy16 cannot be cast to org.openqa.selenium.By">
      <![CDATA[cucumber.runtime.CucumberException: java.lang.ClassCastException: com.sun.proxy.$Proxy16 cannot be cast to org.openqa.selenium.By
at cucumber.api.testng.TestNGCucumberRunner.runCucumber(TestNGCucumberRunner.java:69)
at shoeSearchTestRunner.TestRunner.feature(TestRunner.java:27)
Caused by: java.lang.ClassCastException: com.sun.proxy.$Proxy16 cannot be cast to org.openqa.selenium.By
at shoeSearchPage.BasePage.clickOn(BasePage.java:14)
at shoeSearchPage.ShoeSearchPage.clickOnsearchButton(ShoeSearchPage.java:31)
at stepdefinition.ShoeSearchStep.click_on_search_button(ShoeSearchStep.java:34)
at ✽.When Click on search button(shoeSearch.feature:5)
... Removed 28 stack frames]]>
    </failure>
  </testcase> <!-- feature -->
</testsuite> <!-- Test -->
