<?xml version="1.0" encoding="UTF-8"?>
<testsuite name="TestSuite" time="12.499" tests="1" errors="0" skipped="0" failures="1">
  <properties>
[...]
</properties>
  <testcase name="feature" classname="shoeSearchTestRunner.TestRunner" time="12.499">
    <failure message="java.lang.ClassCastException: com.sun.proxy.$Proxy16 cannot be cast to org.openqa.selenium.By" type="cucumber.runtime.CucumberException">cucumber.runtime.CucumberException: java.lang.ClassCastException: com.sun.proxy.$Proxy16 cannot be cast to org.openqa.selenium.By
	at cucumber.api.testng.TestNGCucumberRunner.runCucumber(TestNGCucumberRunner.java:69)
	at shoeSearchTestRunner.TestRunner.feature(TestRunner.java:27)
Caused by: java.lang.ClassCastException: com.sun.proxy.$Proxy16 cannot be cast to org.openqa.selenium.By
	at shoeSearchPage.BasePage.clickOn(BasePage.java:14)
	at shoeSearchPage.ShoeSearchPage.clickOnsearchButton(ShoeSearchPage.java:31)
	at stepdefinition.ShoeSearchStep.click_on_search_button(ShoeSearchStep.java:34)
	at ✽.When Click on search button(shoeSearch.feature:5)
</failure>
    <system-out><![CDATA[@Regression
Feature: Shoe search validations

  Scenario: Shoe search possitive scenarios # shoeSearch.feature:3
    Given Open Chrome Browser with url      # ShoeSearchStep.open_Chrome_Browser_with_url()
    When Click on search button             # ShoeSearchStep.click_on_search_button()
      java.lang.ClassCastException: com.sun.proxy.$Proxy16 cannot be cast to org.openqa.selenium.By
      	at shoeSearchPage.BasePage.clickOn(BasePage.java:14)
      	at shoeSearchPage.ShoeSearchPage.clickOnsearchButton(ShoeSearchPage.java:31)
      	at stepdefinition.ShoeSearchStep.click_on_search_button(ShoeSearchStep.java:34)
      	at ✽.When Click on search button(shoeSearch.feature:5)

    And Select "<Acron>" from list          # ShoeSearchStep.select_from_list(String)
    And Click on search button              # ShoeSearchStep.click_on_search_button()
    Then Validate Acron's shoes             # ShoeSearchStep.validate_Acron_s_shoes()
]]></system-out>
    <system-err><![CDATA[Starting ChromeDriver 78.0.3904.70 (edb9c9f3de0247fd912a77b7f6cae7447f6d3ad5-refs/branch-heads/3904@{#800}) on port 10655
Only local connections are allowed.
Please protect ports used by ChromeDriver and related test frameworks to prevent access by malicious code.
[1579139897.443][WARNING]: This version of ChromeDriver has not been tested with Chrome version 79.
Jan 15, 2020 8:58:18 PM org.openqa.selenium.remote.ProtocolHandshake createSession
INFO: Detected dialect: W3C
]]></system-err>
  </testcase>
</testsuite>